<?xml version="1.0" encoding="UTF-8"?>
<!-- Generated by org.testng.reporters.JUnitXMLReporter -->
<testsuite ignored="0" hostname="DESKTOP-G8BQMC1" failures="0" tests="2" name="Test Module Customer" time="21.673" errors="0" timestamp="2022-11-30T20:54:04 WIB">
  <testcase classname="io.cucumber.testng.AbstractTestNGCucumberTests" name="runScenario" time="12.584"/>
  <testcase classname="io.cucumber.testng.AbstractTestNGCucumberTests" name="runScenario" time="9.067"/>
</testsuite> <!-- Test Module Customer -->
