<?xml version="1.0" encoding="UTF-8"?>
<testng-results ignored="0" total="4" passed="4" failed="0" skipped="0">
  <reporter-output>
  </reporter-output>
  <suite started-at="2022-11-30T20:53:41 WIB" name="PT. Oncom Mania" finished-at="2022-11-30T20:54:04 WIB" duration-ms="22898">
    <groups>
      <group name="cucumber">
        <method signature="AbstractTestNGCucumberTests.runScenario(io.cucumber.testng.PickleWrapper,io.cucumber.testng.FeatureWrapper)[pri:0, instance:runners.RunnerTestNGTestModuleTestDasar@13e344d]" name="runScenario" class="io.cucumber.testng.AbstractTestNGCucumberTests"/>
        <method signature="AbstractTestNGCucumberTests.runScenario(io.cucumber.testng.PickleWrapper,io.cucumber.testng.FeatureWrapper)[pri:0, instance:module.authentication.RunnerAuthentication@663c9e7a]" name="runScenario" class="io.cucumber.testng.AbstractTestNGCucumberTests"/>
      </group> <!-- cucumber -->
    </groups>
    <test started-at="2022-11-30T20:53:41 WIB" name="Test Module Dasar" finished-at="2022-11-30T20:53:42 WIB" duration-ms="993">
      <class name="runners.RunnerTestNGTestModuleTestDasar">
        <test-method is-config="true" signature="setUpClass()[pri:0, instance:runners.RunnerTestNGTestModuleTestDasar@13e344d]" started-at="2022-11-30T20:53:42 WIB" name="setUpClass" finished-at="2022-11-30T20:53:42 WIB" duration-ms="644" status="PASS">
          <reporter-output>
          </reporter-output>
        </test-method> <!-- setUpClass -->
        <test-method signature="runScenario(io.cucumber.testng.PickleWrapper,io.cucumber.testng.FeatureWrapper)[pri:0, instance:runners.RunnerTestNGTestModuleTestDasar@13e344d]" started-at="2022-11-30T20:53:42 WIB" name="runScenario" description="Runs Cucumber Scenarios" data-provider="scenarios" finished-at="2022-11-30T20:53:42 WIB" duration-ms="205" status="PASS">
          <params>
            <param index="0">
              <value>
                <![CDATA["test valid palindrom"]]>
              </value>
            </param>
            <param index="1">
              <value>
                <![CDATA["palindrom word"]]>
              </value>
            </param>
          </params>
          <reporter-output>
          </reporter-output>
        </test-method> <!-- runScenario -->
        <test-method signature="runScenario(io.cucumber.testng.PickleWrapper,io.cucumber.testng.FeatureWrapper)[pri:0, instance:runners.RunnerTestNGTestModuleTestDasar@13e344d]" started-at="2022-11-30T20:53:42 WIB" name="runScenario" description="Runs Cucumber Scenarios" data-provider="scenarios" finished-at="2022-11-30T20:53:42 WIB" duration-ms="17" status="PASS">
          <params>
            <param index="0">
              <value>
                <![CDATA["test invalid palindrom"]]>
              </value>
            </param>
            <param index="1">
              <value>
                <![CDATA["palindrom word"]]>
              </value>
            </param>
          </params>
          <reporter-output>
          </reporter-output>
        </test-method> <!-- runScenario -->
        <test-method is-config="true" signature="tearDownClass()[pri:0, instance:runners.RunnerTestNGTestModuleTestDasar@13e344d]" started-at="2022-11-30T20:53:42 WIB" name="tearDownClass" finished-at="2022-11-30T20:53:42 WIB" duration-ms="15" status="PASS">
          <reporter-output>
          </reporter-output>
        </test-method> <!-- tearDownClass -->
      </class> <!-- runners.RunnerTestNGTestModuleTestDasar -->
    </test> <!-- Test Module Dasar -->
    <test started-at="2022-11-30T20:53:43 WIB" name="Test Module Customer" finished-at="2022-11-30T20:54:04 WIB" duration-ms="21673">
      <class name="module.authentication.RunnerAuthentication">
        <test-method is-config="true" signature="setUpClass()[pri:0, instance:module.authentication.RunnerAuthentication@663c9e7a]" started-at="2022-11-30T20:53:43 WIB" name="setUpClass" finished-at="2022-11-30T20:53:43 WIB" duration-ms="10" status="PASS">
          <reporter-output>
          </reporter-output>
        </test-method> <!-- setUpClass -->
        <test-method signature="runScenario(io.cucumber.testng.PickleWrapper,io.cucumber.testng.FeatureWrapper)[pri:0, instance:module.authentication.RunnerAuthentication@663c9e7a]" started-at="2022-11-30T20:53:43 WIB" name="runScenario" description="Runs Cucumber Scenarios" data-provider="scenarios" finished-at="2022-11-30T20:53:55 WIB" duration-ms="12584" status="PASS">
          <params>
            <param index="0">
              <value>
                <![CDATA["Register dengan email valid"]]>
              </value>
            </param>
            <param index="1">
              <value>
                <![CDATA["Register Aplikasi GTPL Bank"]]>
              </value>
            </param>
          </params>
          <reporter-output>
          </reporter-output>
        </test-method> <!-- runScenario -->
        <test-method signature="runScenario(io.cucumber.testng.PickleWrapper,io.cucumber.testng.FeatureWrapper)[pri:0, instance:module.authentication.RunnerAuthentication@663c9e7a]" started-at="2022-11-30T20:53:55 WIB" name="runScenario" description="Runs Cucumber Scenarios" data-provider="scenarios" finished-at="2022-11-30T20:54:04 WIB" duration-ms="9067" status="PASS">
          <params>
            <param index="0">
              <value>
                <![CDATA["Register dengan email invalid"]]>
              </value>
            </param>
            <param index="1">
              <value>
                <![CDATA["Register Aplikasi GTPL Bank"]]>
              </value>
            </param>
          </params>
          <reporter-output>
          </reporter-output>
        </test-method> <!-- runScenario -->
        <test-method is-config="true" signature="tearDownClass()[pri:0, instance:module.authentication.RunnerAuthentication@663c9e7a]" started-at="2022-11-30T20:54:04 WIB" name="tearDownClass" finished-at="2022-11-30T20:54:04 WIB" duration-ms="1" status="PASS">
          <reporter-output>
          </reporter-output>
        </test-method> <!-- tearDownClass -->
      </class> <!-- module.authentication.RunnerAuthentication -->
    </test> <!-- Test Module Customer -->
  </suite> <!-- PT. Oncom Mania -->
</testng-results>
